[1]  1 : Running(cursor=0,len=1)
[1]    2 : Running(cursor=0,len=3)
[1]      3 : Success(key=info,value=initial)
[1]    2 : Running(cursor=1,len=3)
[1]      4 : Running(cursor=0,len=3)
[1]        6 : Running(len=1)
[1]          9 : Failure(config=[],reason=)
[1]        6 : Running(arg=2,cursor=0,len=1)
[1]      4 : Running(cursor=0,len=3,prev_cursor=0)
[1]    2 : Running(cursor=1,len=3,prev_cursor=1)
[2]  next tick
[2]    2 : Running(cursor=0,len=3,prev_cursor=1)
[2]      4 : Running(cursor=0,len=3,prev_cursor=0)
[2]        6 : Running(arg=2,cursor=0,len=1)
[2]          9 : Failure(config=[],reason=)
[2]        6 : Running(arg=3,cursor=0,len=1)
[2]      4 : Running(cursor=0,len=3,prev_cursor=0)
[2]    2 : Running(cursor=0,len=3,prev_cursor=1)
[2]  1 : Running(cursor=0,len=1)
[3]  next tick
[3]    2 : Running(cursor=0,len=3,prev_cursor=1)
[3]      4 : Running(cursor=0,len=3,prev_cursor=0)
[3]        6 : Running(arg=3,cursor=0,len=1)
[3]          9 : Failure(config=[],reason=)
[3]        6 : Running(arg=4,cursor=0,len=1)
[3]      4 : Running(cursor=0,len=3,prev_cursor=0)
[3]    2 : Running(cursor=0,len=3,prev_cursor=1)
[3]  1 : Running(cursor=0,len=1)
[4]  next tick
[4]    2 : Running(cursor=0,len=3,prev_cursor=1)
[4]      4 : Running(cursor=0,len=3,prev_cursor=0)
[4]        6 : Running(arg=4,cursor=0,len=1)
[4]          9 : Failure(config=[],reason=)
[4]        6 : Running(arg=5,cursor=0,len=1)
[4]      4 : Running(cursor=0,len=3,prev_cursor=0)
[4]    2 : Running(cursor=0,len=3,prev_cursor=1)
[4]  1 : Running(cursor=0,len=1)
[5]  next tick
[5]    2 : Running(cursor=0,len=3,prev_cursor=1)
[5]      4 : Running(cursor=0,len=3,prev_cursor=0)
[5]        6 : Running(arg=5,cursor=0,len=1)
[5]          9 : Failure(config=[],reason=)
[5]        6 : Running(arg=6,cursor=0,len=1)
[5]      4 : Running(cursor=0,len=3,prev_cursor=0)
[5]    2 : Running(cursor=0,len=3,prev_cursor=1)
[5]  1 : Running(cursor=0,len=1)
[6]  next tick
[6]    2 : Running(cursor=0,len=3,prev_cursor=1)
[6]      4 : Running(cursor=0,len=3,prev_cursor=0)
[6]        6 : Running(arg=6,cursor=0,len=1)
[6]          9 : Failure(config=[],reason=)
[6]        6 : Running(arg=7,cursor=0,len=1)
[6]      4 : Running(cursor=0,len=3,prev_cursor=0)
[6]    2 : Running(cursor=0,len=3,prev_cursor=1)
[6]  1 : Running(cursor=0,len=1)
[7]  next tick
[7]    2 : Running(cursor=0,len=3,prev_cursor=1)
[7]      4 : Running(cursor=0,len=3,prev_cursor=0)
[7]        6 : Running(arg=7,cursor=0,len=1)
[7]          9 : Failure(config=[],reason=)
[7]        6 : Running(arg=8,cursor=0,len=1)
[7]      4 : Running(cursor=0,len=3,prev_cursor=0)
[7]    2 : Running(cursor=0,len=3,prev_cursor=1)
[7]  1 : Running(cursor=0,len=1)
[8]  next tick
[8]    2 : Running(cursor=0,len=3,prev_cursor=1)
[8]      4 : Running(cursor=0,len=3,prev_cursor=0)
[8]        6 : Running(arg=8,cursor=0,len=1)
[8]          9 : Failure(config=[],reason=)
[8]        6 : Running(arg=9,cursor=0,len=1)
[8]      4 : Running(cursor=0,len=3,prev_cursor=0)
[8]    2 : Running(cursor=0,len=3,prev_cursor=1)
[8]  1 : Running(cursor=0,len=1)
[9]  next tick
[9]    2 : Running(cursor=0,len=3,prev_cursor=1)
[9]      4 : Running(cursor=0,len=3,prev_cursor=0)
[9]        6 : Running(arg=9,cursor=0,len=1)
[9]          9 : Failure(config=[],reason=)
[9]        6 : Running(arg=10,cursor=0,len=1)
[9]      4 : Running(cursor=0,len=3,prev_cursor=0)
[9]    2 : Running(cursor=0,len=3,prev_cursor=1)
[9]  1 : Running(cursor=0,len=1)
[10]  next tick
[1]  1 : Running(cursor=0,len=1)
[1]    2 : Running(cursor=0,len=3)
[1]      3 : Success(key=info,value=initial)
[1]    2 : Running(cursor=1,len=3)
[1]      4 : Running(cursor=0,len=3)
[1]        6 : Running(len=1)
[1]          9 : Failure(config=[],reason=)
[1]        6 : Running(arg=2,cursor=0,len=1)
[1]      4 : Running(cursor=0,len=3,prev_cursor=0)
[1]    2 : Running(cursor=1,len=3,prev_cursor=1)
[2]  next tick
[2]    2 : Running(cursor=0,len=3,prev_cursor=1)
[2]      4 : Running(cursor=0,len=3,prev_cursor=0)
[2]        6 : Running(arg=2,cursor=0,len=1)
[2]          9 : Failure(config=[],reason=)
[2]        6 : Running(arg=3,cursor=0,len=1)
[2]      4 : Running(cursor=0,len=3,prev_cursor=0)
[2]    2 : Running(cursor=0,len=3,prev_cursor=1)
[2]  1 : Running(cursor=0,len=1)
[3]  next tick
[3]    2 : Running(cursor=0,len=3,prev_cursor=1)
[3]      4 : Running(cursor=0,len=3,prev_cursor=0)
[3]        6 : Running(arg=3,cursor=0,len=1)
[3]          9 : Failure(config=[],reason=)
[3]        6 : Running(arg=4,cursor=0,len=1)
[3]      4 : Running(cursor=0,len=3,prev_cursor=0)
[3]    2 : Running(cursor=0,len=3,prev_cursor=1)
[3]  1 : Running(cursor=0,len=1)
[4]  next tick
[4]    2 : Running(cursor=0,len=3,prev_cursor=1)
[4]      4 : Running(cursor=0,len=3,prev_cursor=0)
[4]        6 : Running(arg=4,cursor=0,len=1)
[4]          9 : Failure(config=[],reason=)
[4]        6 : Running(arg=5,cursor=0,len=1)
[4]      4 : Running(cursor=0,len=3,prev_cursor=0)
[4]    2 : Running(cursor=0,len=3,prev_cursor=1)
[4]  1 : Running(cursor=0,len=1)
[5]  next tick
[5]    2 : Running(cursor=0,len=3,prev_cursor=1)
[5]      4 : Running(cursor=0,len=3,prev_cursor=0)
[5]        6 : Running(arg=5,cursor=0,len=1)
[5]          9 : Failure(config=[],reason=)
[5]        6 : Running(arg=6,cursor=0,len=1)
[5]      4 : Running(cursor=0,len=3,prev_cursor=0)
[5]    2 : Running(cursor=0,len=3,prev_cursor=1)
[5]  1 : Running(cursor=0,len=1)
[6]  next tick
[6]    2 : Running(cursor=0,len=3,prev_cursor=1)
[6]      4 : Running(cursor=0,len=3,prev_cursor=0)
[6]        6 : Running(arg=6,cursor=0,len=1)
[6]          9 : Failure(config=[],reason=)
[6]        6 : Running(arg=7,cursor=0,len=1)
[6]      4 : Running(cursor=0,len=3,prev_cursor=0)
[6]    2 : Running(cursor=0,len=3,prev_cursor=1)
[6]  1 : Running(cursor=0,len=1)
[7]  next tick
[7]    2 : Running(cursor=0,len=3,prev_cursor=1)
[7]      4 : Running(cursor=0,len=3,prev_cursor=0)
[7]        6 : Running(arg=7,cursor=0,len=1)
[7]          9 : Failure(config=[],reason=)
[7]        6 : Running(arg=8,cursor=0,len=1)
[7]      4 : Running(cursor=0,len=3,prev_cursor=0)
[7]    2 : Running(cursor=0,len=3,prev_cursor=1)
[7]  1 : Running(cursor=0,len=1)
[8]  next tick
[8]    2 : Running(cursor=0,len=3,prev_cursor=1)
[8]      4 : Running(cursor=0,len=3,prev_cursor=0)
[8]        6 : Running(arg=8,cursor=0,len=1)
[8]          9 : Failure(config=[],reason=)
[8]        6 : Running(arg=9,cursor=0,len=1)
[8]      4 : Running(cursor=0,len=3,prev_cursor=0)
[8]    2 : Running(cursor=0,len=3,prev_cursor=1)
[8]  1 : Running(cursor=0,len=1)
[9]  next tick
[9]    2 : Running(cursor=0,len=3,prev_cursor=1)
[9]      4 : Running(cursor=0,len=3,prev_cursor=0)
[9]        6 : Running(arg=9,cursor=0,len=1)
[9]          9 : Failure(config=[],reason=)
[9]        6 : Running(arg=10,cursor=0,len=1)
[9]      4 : Running(cursor=0,len=3,prev_cursor=0)
[9]    2 : Running(cursor=0,len=3,prev_cursor=1)
[9]  1 : Running(cursor=0,len=1)
[10]  next tick
[1]  1 : Running(cursor=0,len=1)
[1]    2 : Running(cursor=0,len=3)
[1]      3 : Success(key=info,value=initial)
[1]    2 : Running(cursor=1,len=3)
[1]      4 : Running(cursor=0,len=3)
[1]        6 : Running(len=1)
[1]          9 : Failure(config=[],reason=)
[1]        6 : Running(arg=2,cursor=0,len=1)
[1]      4 : Running(cursor=0,len=3,prev_cursor=0)
[1]    2 : Running(cursor=1,len=3,prev_cursor=1)
[2]  next tick
[2]    2 : Running(cursor=0,len=3,prev_cursor=1)
[2]      4 : Running(cursor=0,len=3,prev_cursor=0)
[2]        6 : Running(arg=2,cursor=0,len=1)
[2]          9 : Failure(config=[],reason=)
[2]        6 : Running(arg=3,cursor=0,len=1)
[2]      4 : Running(cursor=0,len=3,prev_cursor=0)
[2]    2 : Running(cursor=0,len=3,prev_cursor=1)
[2]  1 : Running(cursor=0,len=1)
[3]  next tick
[3]    2 : Running(cursor=0,len=3,prev_cursor=1)
[3]      4 : Running(cursor=0,len=3,prev_cursor=0)
[3]        6 : Running(arg=3,cursor=0,len=1)
[3]          9 : Failure(config=[],reason=)
[3]        6 : Running(arg=4,cursor=0,len=1)
[3]      4 : Running(cursor=0,len=3,prev_cursor=0)
[3]    2 : Running(cursor=0,len=3,prev_cursor=1)
[3]  1 : Running(cursor=0,len=1)
[4]  next tick
[4]    2 : Running(cursor=0,len=3,prev_cursor=1)
[4]      4 : Running(cursor=0,len=3,prev_cursor=0)
[4]        6 : Running(arg=4,cursor=0,len=1)
[4]          9 : Failure(config=[],reason=)
[4]        6 : Running(arg=5,cursor=0,len=1)
[4]      4 : Running(cursor=0,len=3,prev_cursor=0)
[4]    2 : Running(cursor=0,len=3,prev_cursor=1)
[4]  1 : Running(cursor=0,len=1)
[5]  next tick
[5]    2 : Running(cursor=0,len=3,prev_cursor=1)
[5]      4 : Running(cursor=0,len=3,prev_cursor=0)
[5]        6 : Running(arg=5,cursor=0,len=1)
[5]          9 : Failure(config=[],reason=)
[5]        6 : Running(arg=6,cursor=0,len=1)
[5]      4 : Running(cursor=0,len=3,prev_cursor=0)
[5]    2 : Running(cursor=0,len=3,prev_cursor=1)
[5]  1 : Running(cursor=0,len=1)
[6]  next tick
[6]    2 : Running(cursor=0,len=3,prev_cursor=1)
[6]      4 : Running(cursor=0,len=3,prev_cursor=0)
[6]        6 : Running(arg=6,cursor=0,len=1)
[6]          9 : Failure(config=[],reason=)
[6]        6 : Running(arg=7,cursor=0,len=1)
[6]      4 : Running(cursor=0,len=3,prev_cursor=0)
[6]    2 : Running(cursor=0,len=3,prev_cursor=1)
[6]  1 : Running(cursor=0,len=1)
[7]  next tick
[7]    2 : Running(cursor=0,len=3,prev_cursor=1)
[7]      4 : Running(cursor=0,len=3,prev_cursor=0)
[7]        6 : Running(arg=7,cursor=0,len=1)
[7]          9 : Failure(config=[],reason=)
[7]        6 : Running(arg=8,cursor=0,len=1)
[7]      4 : Running(cursor=0,len=3,prev_cursor=0)
[7]    2 : Running(cursor=0,len=3,prev_cursor=1)
[7]  1 : Running(cursor=0,len=1)
[8]  next tick
[8]    2 : Running(cursor=0,len=3,prev_cursor=1)
[8]      4 : Running(cursor=0,len=3,prev_cursor=0)
[8]        6 : Running(arg=8,cursor=0,len=1)
[8]          9 : Failure(config=[],reason=)
[8]        6 : Running(arg=9,cursor=0,len=1)
[8]      4 : Running(cursor=0,len=3,prev_cursor=0)
[8]    2 : Running(cursor=0,len=3,prev_cursor=1)
[8]  1 : Running(cursor=0,len=1)
[9]  next tick
[9]    2 : Running(cursor=0,len=3,prev_cursor=1)
[9]      4 : Running(cursor=0,len=3,prev_cursor=0)
[9]        6 : Running(arg=9,cursor=0,len=1)
[9]          9 : Failure(config=[],reason=)
[9]        6 : Running(arg=10,cursor=0,len=1)
[9]      4 : Running(cursor=0,len=3,prev_cursor=0)
[9]    2 : Running(cursor=0,len=3,prev_cursor=1)
[9]  1 : Running(cursor=0,len=1)
[10]  next tick
[1]  1 : Running(cursor=0,len=1)
[1]    2 : Running(cursor=0,len=3)
[1]      3 : Success(key=info,value=initial)
[1]    2 : Running(cursor=1,len=3)
[1]      4 : Running(cursor=0,len=3)
[1]        6 : Running(len=1)
[1]          9 : Failure(config=[],reason=)
[1]        6 : Running(arg=2,cursor=0,len=1)
[1]      4 : Running(cursor=0,len=3,prev_cursor=0)
[1]    2 : Running(cursor=1,len=3,prev_cursor=1)
[2]  next tick
[2]    2 : Running(cursor=0,len=3,prev_cursor=1)
[2]      4 : Running(cursor=0,len=3,prev_cursor=0)
[2]        6 : Running(arg=2,cursor=0,len=1)
[2]          9 : Failure(config=[],reason=)
[2]        6 : Running(arg=3,cursor=0,len=1)
[2]      4 : Running(cursor=0,len=3,prev_cursor=0)
[2]    2 : Running(cursor=0,len=3,prev_cursor=1)
[2]  1 : Running(cursor=0,len=1)
[3]  next tick
[3]    2 : Running(cursor=0,len=3,prev_cursor=1)
[3]      4 : Running(cursor=0,len=3,prev_cursor=0)
[3]        6 : Running(arg=3,cursor=0,len=1)
[3]          9 : Failure(config=[],reason=)
[3]        6 : Running(arg=4,cursor=0,len=1)
[3]      4 : Running(cursor=0,len=3,prev_cursor=0)
[3]    2 : Running(cursor=0,len=3,prev_cursor=1)
[3]  1 : Running(cursor=0,len=1)
[4]  next tick
[4]    2 : Running(cursor=0,len=3,prev_cursor=1)
[4]      4 : Running(cursor=0,len=3,prev_cursor=0)
[4]        6 : Running(arg=4,cursor=0,len=1)
[4]          9 : Failure(config=[],reason=)
[4]        6 : Running(arg=5,cursor=0,len=1)
[4]      4 : Running(cursor=0,len=3,prev_cursor=0)
[4]    2 : Running(cursor=0,len=3,prev_cursor=1)
[4]  1 : Running(cursor=0,len=1)
[5]  next tick
[5]    2 : Running(cursor=0,len=3,prev_cursor=1)
[5]      4 : Running(cursor=0,len=3,prev_cursor=0)
[5]        6 : Running(arg=5,cursor=0,len=1)
[5]          9 : Failure(config=[],reason=)
[5]        6 : Running(arg=6,cursor=0,len=1)
[5]      4 : Running(cursor=0,len=3,prev_cursor=0)
[5]    2 : Running(cursor=0,len=3,prev_cursor=1)
[5]  1 : Running(cursor=0,len=1)
[6]  next tick
[6]    2 : Running(cursor=0,len=3,prev_cursor=1)
[6]      4 : Running(cursor=0,len=3,prev_cursor=0)
[6]        6 : Running(arg=6,cursor=0,len=1)
[6]          9 : Failure(config=[],reason=)
[6]        6 : Running(arg=7,cursor=0,len=1)
[6]      4 : Running(cursor=0,len=3,prev_cursor=0)
[6]    2 : Running(cursor=0,len=3,prev_cursor=1)
[6]  1 : Running(cursor=0,len=1)
[7]  next tick
[7]    2 : Running(cursor=0,len=3,prev_cursor=1)
[7]      4 : Running(cursor=0,len=3,prev_cursor=0)
[7]        6 : Running(arg=7,cursor=0,len=1)
[7]          9 : Failure(config=[],reason=)
[7]        6 : Running(arg=8,cursor=0,len=1)
[7]      4 : Running(cursor=0,len=3,prev_cursor=0)
[7]    2 : Running(cursor=0,len=3,prev_cursor=1)
[7]  1 : Running(cursor=0,len=1)
[8]  next tick
[8]    2 : Running(cursor=0,len=3,prev_cursor=1)
[8]      4 : Running(cursor=0,len=3,prev_cursor=0)
[8]        6 : Running(arg=8,cursor=0,len=1)
[8]          9 : Failure(config=[],reason=)
[8]        6 : Running(arg=9,cursor=0,len=1)
[8]      4 : Running(cursor=0,len=3,prev_cursor=0)
[8]    2 : Running(cursor=0,len=3,prev_cursor=1)
[8]  1 : Running(cursor=0,len=1)
[9]  next tick
[9]    2 : Running(cursor=0,len=3,prev_cursor=1)
[9]      4 : Running(cursor=0,len=3,prev_cursor=0)
[9]        6 : Running(arg=9,cursor=0,len=1)
[9]          9 : Failure(config=[],reason=)
[9]        6 : Running(arg=10,cursor=0,len=1)
[9]      4 : Running(cursor=0,len=3,prev_cursor=0)
[9]    2 : Running(cursor=0,len=3,prev_cursor=1)
[9]  1 : Running(cursor=0,len=1)
[10]  next tick
[1]  1 : Running(cursor=0,len=1)
[1]    2 : Running(cursor=0,len=3)
[1]      3 : Success(key=info,value=initial)
[1]    2 : Running(cursor=1,len=3)
[1]      4 : Running(cursor=0,len=3)
[1]        6 : Running(len=1)
[1]          9 : Failure(config=[],reason=)
[1]        6 : Running(arg=2,cursor=0,len=1)
[1]      4 : Running(cursor=0,len=3,prev_cursor=0)
[1]    2 : Running(cursor=1,len=3,prev_cursor=1)
[2]  next tick
[2]    2 : Running(cursor=0,len=3,prev_cursor=1)
[2]      4 : Running(cursor=0,len=3,prev_cursor=0)
[2]        6 : Running(arg=2,cursor=0,len=1)
[2]          9 : Failure(config=[],reason=)
[2]        6 : Running(arg=3,cursor=0,len=1)
[2]      4 : Running(cursor=0,len=3,prev_cursor=0)
[2]    2 : Running(cursor=0,len=3,prev_cursor=1)
[2]  1 : Running(cursor=0,len=1)
[3]  next tick
[3]    2 : Running(cursor=0,len=3,prev_cursor=1)
[3]      4 : Running(cursor=0,len=3,prev_cursor=0)
[3]        6 : Running(arg=3,cursor=0,len=1)
[3]          9 : Failure(config=[],reason=)
[3]        6 : Running(arg=4,cursor=0,len=1)
[3]      4 : Running(cursor=0,len=3,prev_cursor=0)
[3]    2 : Running(cursor=0,len=3,prev_cursor=1)
[3]  1 : Running(cursor=0,len=1)
[4]  next tick
[4]    2 : Running(cursor=0,len=3,prev_cursor=1)
[4]      4 : Running(cursor=0,len=3,prev_cursor=0)
[4]        6 : Running(arg=4,cursor=0,len=1)
[4]          9 : Failure(config=[],reason=)
[4]        6 : Running(arg=5,cursor=0,len=1)
[4]      4 : Running(cursor=0,len=3,prev_cursor=0)
[4]    2 : Running(cursor=0,len=3,prev_cursor=1)
[4]  1 : Running(cursor=0,len=1)
[5]  next tick
[5]    2 : Running(cursor=0,len=3,prev_cursor=1)
[5]      4 : Running(cursor=0,len=3,prev_cursor=0)
[5]        6 : Running(arg=5,cursor=0,len=1)
[5]          9 : Failure(config=[],reason=)
[5]        6 : Running(arg=6,cursor=0,len=1)
[5]      4 : Running(cursor=0,len=3,prev_cursor=0)
[5]    2 : Running(cursor=0,len=3,prev_cursor=1)
[5]  1 : Running(cursor=0,len=1)
[6]  next tick
[6]    2 : Running(cursor=0,len=3,prev_cursor=1)
[6]      4 : Running(cursor=0,len=3,prev_cursor=0)
[6]        6 : Running(arg=6,cursor=0,len=1)
[6]          9 : Failure(config=[],reason=)
[6]        6 : Running(arg=7,cursor=0,len=1)
[6]      4 : Running(cursor=0,len=3,prev_cursor=0)
[6]    2 : Running(cursor=0,len=3,prev_cursor=1)
[6]  1 : Running(cursor=0,len=1)
[7]  next tick
[7]    2 : Running(cursor=0,len=3,prev_cursor=1)
[7]      4 : Running(cursor=0,len=3,prev_cursor=0)
[7]        6 : Running(arg=7,cursor=0,len=1)
[7]          9 : Failure(config=[],reason=)
[7]        6 : Running(arg=8,cursor=0,len=1)
[7]      4 : Running(cursor=0,len=3,prev_cursor=0)
[7]    2 : Running(cursor=0,len=3,prev_cursor=1)
[7]  1 : Running(cursor=0,len=1)
[8]  next tick
[8]    2 : Running(cursor=0,len=3,prev_cursor=1)
[8]      4 : Running(cursor=0,len=3,prev_cursor=0)
[8]        6 : Running(arg=8,cursor=0,len=1)
[8]          9 : Failure(config=[],reason=)
[8]        6 : Running(arg=9,cursor=0,len=1)
[8]      4 : Running(cursor=0,len=3,prev_cursor=0)
[8]    2 : Running(cursor=0,len=3,prev_cursor=1)
[8]  1 : Running(cursor=0,len=1)
[9]  next tick
[9]    2 : Running(cursor=0,len=3,prev_cursor=1)
[9]      4 : Running(cursor=0,len=3,prev_cursor=0)
[9]        6 : Running(arg=9,cursor=0,len=1)
[9]          9 : Failure(config=[],reason=)
[9]        6 : Running(arg=10,cursor=0,len=1)
[9]      4 : Running(cursor=0,len=3,prev_cursor=0)
[9]    2 : Running(cursor=0,len=3,prev_cursor=1)
[9]  1 : Running(cursor=0,len=1)
[10]  next tick
[1]  1 : Running(cursor=0,len=1)
[1]    2 : Running(cursor=0,len=3)
[1]      3 : Success(key=info,value=initial)
[1]    2 : Running(cursor=1,len=3)
[1]      4 : Running(cursor=0,len=3)
[1]        6 : Running(len=1)
[1]          9 : Failure(config=[],reason=)
[1]        6 : Running(arg=2,cursor=0,len=1)
[1]      4 : Running(cursor=0,len=3,prev_cursor=0)
[1]    2 : Running(cursor=1,len=3,prev_cursor=1)
[2]  next tick
[2]    2 : Running(cursor=0,len=3,prev_cursor=1)
[2]      4 : Running(cursor=0,len=3,prev_cursor=0)
[2]        6 : Running(arg=2,cursor=0,len=1)
[2]          9 : Failure(config=[],reason=)
[2]        6 : Running(arg=3,cursor=0,len=1)
[2]      4 : Running(cursor=0,len=3,prev_cursor=0)
[2]    2 : Running(cursor=0,len=3,prev_cursor=1)
[2]  1 : Running(cursor=0,len=1)
[3]  next tick
[3]    2 : Running(cursor=0,len=3,prev_cursor=1)
[3]      4 : Running(cursor=0,len=3,prev_cursor=0)
[3]        6 : Running(arg=3,cursor=0,len=1)
[3]          9 : Failure(config=[],reason=)
[3]        6 : Running(arg=4,cursor=0,len=1)
[3]      4 : Running(cursor=0,len=3,prev_cursor=0)
[3]    2 : Running(cursor=0,len=3,prev_cursor=1)
[3]  1 : Running(cursor=0,len=1)
[4]  next tick
[4]    2 : Running(cursor=0,len=3,prev_cursor=1)
[4]      4 : Running(cursor=0,len=3,prev_cursor=0)
[4]        6 : Running(arg=4,cursor=0,len=1)
[4]          9 : Failure(config=[],reason=)
[4]        6 : Running(arg=5,cursor=0,len=1)
[4]      4 : Running(cursor=0,len=3,prev_cursor=0)
[4]    2 : Running(cursor=0,len=3,prev_cursor=1)
[4]  1 : Running(cursor=0,len=1)
[5]  next tick
[5]    2 : Running(cursor=0,len=3,prev_cursor=1)
[5]      4 : Running(cursor=0,len=3,prev_cursor=0)
[5]        6 : Running(arg=5,cursor=0,len=1)
[5]          9 : Failure(config=[],reason=)
[5]        6 : Running(arg=6,cursor=0,len=1)
[5]      4 : Running(cursor=0,len=3,prev_cursor=0)
[5]    2 : Running(cursor=0,len=3,prev_cursor=1)
[5]  1 : Running(cursor=0,len=1)
[6]  next tick
[6]    2 : Running(cursor=0,len=3,prev_cursor=1)
[6]      4 : Running(cursor=0,len=3,prev_cursor=0)
[6]        6 : Running(arg=6,cursor=0,len=1)
[6]          9 : Failure(config=[],reason=)
[6]        6 : Running(arg=7,cursor=0,len=1)
[6]      4 : Running(cursor=0,len=3,prev_cursor=0)
[6]    2 : Running(cursor=0,len=3,prev_cursor=1)
[6]  1 : Running(cursor=0,len=1)
[7]  next tick
[7]    2 : Running(cursor=0,len=3,prev_cursor=1)
[7]      4 : Running(cursor=0,len=3,prev_cursor=0)
[7]        6 : Running(arg=7,cursor=0,len=1)
[7]          9 : Failure(config=[],reason=)
[7]        6 : Running(arg=8,cursor=0,len=1)
[7]      4 : Running(cursor=0,len=3,prev_cursor=0)
[7]    2 : Running(cursor=0,len=3,prev_cursor=1)
[7]  1 : Running(cursor=0,len=1)
[8]  next tick
[8]    2 : Running(cursor=0,len=3,prev_cursor=1)
[8]      4 : Running(cursor=0,len=3,prev_cursor=0)
[8]        6 : Running(arg=8,cursor=0,len=1)
[8]          9 : Failure(config=[],reason=)
[8]        6 : Running(arg=9,cursor=0,len=1)
[8]      4 : Running(cursor=0,len=3,prev_cursor=0)
[8]    2 : Running(cursor=0,len=3,prev_cursor=1)
[8]  1 : Running(cursor=0,len=1)
[9]  next tick
[9]    2 : Running(cursor=0,len=3,prev_cursor=1)
[9]      4 : Running(cursor=0,len=3,prev_cursor=0)
[9]        6 : Running(arg=9,cursor=0,len=1)
[9]          9 : Failure(config=[],reason=)
[9]        6 : Running(arg=10,cursor=0,len=1)
[9]      4 : Running(cursor=0,len=3,prev_cursor=0)
[9]    2 : Running(cursor=0,len=3,prev_cursor=1)
[9]  1 : Running(cursor=0,len=1)
[10]  next tick
